[18:11:42] [main/INFO] (FabricLoader/GameProvider) Loading Minecraft 1.18.1 with Fabric Loader 0.12.12
[18:11:42] [main/INFO] (FabricLoader) Loading 53 mods:
	- fabric 0.46.2+1.18
	- fabric-api-base 0.4.1+b4f4f6cd3a
	- fabric-api-lookup-api-v1 1.5.1+17be577f3a
	- fabric-biome-api-v1 6.0.1+ded849a93a
	- fabric-blockrenderlayer-v1 1.1.9+3ac43d953a
	- fabric-command-api-v1 1.1.6+3ac43d953a
	- fabric-commands-v0 0.2.5+b4f4f6cd3a
	- fabric-containers-v0 0.1.18+d154e2c63a
	- fabric-content-registries-v0 0.4.6+6f53a73d3a
	- fabric-crash-report-info-v1 0.1.8+3ac43d953a
	- fabric-data-generation-api-v1 1.1.2+125404533a
	- fabric-dimensions-v1 2.1.9+a1d9bbf53a
	- fabric-entity-events-v1 1.4.5+6b21378a3a
	- fabric-events-interaction-v0 0.4.16+bfa23f173a
	- fabric-events-lifecycle-v0 0.2.7+b4f4f6cd3a
	- fabric-game-rule-api-v1 1.0.10+3ac43d953a
	- fabric-gametest-api-v1 1.0.8+e66b59e93a
	- fabric-item-api-v1 1.3.0+691a79b53a
	- fabric-item-groups-v0 0.3.4+3ac43d953a
	- fabric-key-binding-api-v1 1.0.8+c8aba2f33a
	- fabric-keybindings-v0 0.2.6+b4f4f6cd3a
	- fabric-lifecycle-events-v1 1.4.11+e66b59e93a
	- fabric-loot-tables-v1 1.0.8+3ac43d953a
	- fabric-mining-level-api-v1 1.0.4+3ac43d953a
	- fabric-mining-levels-v0 0.1.9+b4f4f6cd3a
	- fabric-models-v0 0.3.3+3ac43d953a
	- fabric-networking-api-v1 1.0.18+3ac43d953a
	- fabric-networking-v0 0.3.5+b4f4f6cd3a
	- fabric-object-builder-api-v1 1.11.2+3b82842e3a
	- fabric-object-builders-v0 0.7.10+3ac43d953a
	- fabric-particles-v1 0.2.9+526dc1ac3a
	- fabric-registry-sync-v0 0.9.0+befed49e3a
	- fabric-renderer-api-v1 0.4.10+b0b66fc33a
	- fabric-renderer-indigo 0.4.13+b0b66fc33a
	- fabric-renderer-registries-v1 3.2.8+b4f4f6cd3a
	- fabric-rendering-data-attachment-v1 0.3.4+7242e9d73a
	- fabric-rendering-fluids-v1 0.1.18+3ac43d953a
	- fabric-rendering-v0 1.1.10+b4f4f6cd3a
	- fabric-rendering-v1 1.10.4+e66b59e93a
	- fabric-resource-conditions-api-v1 1.0.1+13eda0653a
	- fabric-resource-loader-v0 0.4.12+e66b59e93a
	- fabric-screen-api-v1 1.0.7+3ac43d953a
	- fabric-screen-handler-api-v1 1.1.11+3ac43d953a
	- fabric-structure-api-v1 2.1.1+0a73a6c23a
	- fabric-tag-extensions-v0 1.2.6+3ac43d953a
	- fabric-textures-v0 1.0.9+3ac43d953a
	- fabric-tool-attribute-api-v1 1.3.6+fb3b57b43a
	- fabric-transfer-api-v1 1.5.7+b4f4f6cd3a
	- fabricloader 0.12.12
	- garybox ${version}
	- geckolib3 3.0.23
	- java 17
	- minecraft 1.18.1
[18:11:43] [main/WARN] (FabricLoader/Metadata) Mod `garybox` (${version}) does not respect SemVer - comparison support is limited.
[18:11:43] [main/INFO] (FabricLoader/Mixin) SpongePowered MIXIN Subsystem Version=0.8.4 Source=file:/C:/Users/000Ju/.gradle/caches/modules-2/files-2.1/net.fabricmc/sponge-mixin/0.10.7+mixin.0.8.4/7a4ca9d54d9ae564dea0363d668036a8420ed9b8/sponge-mixin-0.10.7+mixin.0.8.4.jar Service=Knot/Fabric Env=CLIENT
[18:11:44] [main/INFO] (FabricLoader/Mixin) Loaded Fabric development mappings for mixin remapper!
[18:11:44] [main/INFO] (FabricLoader/Mixin) Compatibility level set to JAVA_16
[18:11:44] [main/INFO] (FabricLoader/Mixin) Compatibility level set to JAVA_17
[18:11:52] [main/WARN] (FabricLoader/Mixin) @Inject(@At("INVOKE")) Shift.BY=3 on fabric-lifecycle-events-v1.mixins.json:client.WorldChunkMixin::handler$zeo000$onLoadBlockEntity exceeds the maximum allowed value: 0. Increase the value of maxShiftBy to suppress this warning.
[18:11:56] [Render thread/INFO] (Minecraft) Environment: authHost='https://authserver.mojang.com', accountsHost='https://api.mojang.com', sessionHost='https://sessionserver.mojang.com', servicesHost='https://api.minecraftservices.com', name='PROD'
[18:11:57] [Render thread/ERROR] (Minecraft) Failed to verify authentication
com.mojang.authlib.exceptions.InvalidCredentialsException: Status: 401
	at com.mojang.authlib.exceptions.MinecraftClientHttpException.toAuthenticationException(MinecraftClientHttpException.java:56) ~[authlib-3.2.38.jar:?]
	at com.mojang.authlib.yggdrasil.YggdrasilUserApiService.fetchProperties(YggdrasilUserApiService.java:132) ~[authlib-3.2.38.jar:?]
	at com.mojang.authlib.yggdrasil.YggdrasilUserApiService.<init>(YggdrasilUserApiService.java:44) ~[authlib-3.2.38.jar:?]
	at com.mojang.authlib.yggdrasil.YggdrasilAuthenticationService.createUserApiService(YggdrasilAuthenticationService.java:153) ~[authlib-3.2.38.jar:?]
	at net.minecraft.client.MinecraftClient.createUserApiService(MinecraftClient.java:667) [minecraft-project-@-mapped.jar:?]
	at net.minecraft.client.MinecraftClient.<init>(MinecraftClient.java:499) [minecraft-project-@-mapped.jar:?]
	at net.minecraft.client.main.Main.main(Main.java:178) [minecraft-project-@-mapped.jar:?]
	at jdk.internal.reflect.NativeMethodAccessorImpl.invoke0(Native Method) ~[?:?]
	at jdk.internal.reflect.NativeMethodAccessorImpl.invoke(Unknown Source) ~[?:?]
	at jdk.internal.reflect.DelegatingMethodAccessorImpl.invoke(Unknown Source) ~[?:?]
	at java.lang.reflect.Method.invoke(Unknown Source) ~[?:?]
	at net.fabricmc.loader.impl.game.minecraft.MinecraftGameProvider.launch(MinecraftGameProvider.java:608) [fabric-loader-0.12.12.jar:?]
	at net.fabricmc.loader.impl.launch.knot.Knot.launch(Knot.java:77) [fabric-loader-0.12.12.jar:?]
	at net.fabricmc.loader.impl.launch.knot.KnotClient.main(KnotClient.java:23) [fabric-loader-0.12.12.jar:?]
	at net.fabricmc.devlaunchinjector.Main.main(Main.java:86) [dev-launch-injector-0.2.1+build.8.jar:?]
Caused by: com.mojang.authlib.exceptions.MinecraftClientHttpException: Status: 401
	at com.mojang.authlib.minecraft.client.MinecraftClient.readInputStream(MinecraftClient.java:78) ~[authlib-3.2.38.jar:?]
	at com.mojang.authlib.minecraft.client.MinecraftClient.get(MinecraftClient.java:48) ~[authlib-3.2.38.jar:?]
	at com.mojang.authlib.yggdrasil.YggdrasilUserApiService.fetchProperties(YggdrasilUserApiService.java:113) ~[authlib-3.2.38.jar:?]
	... 13 more
[18:11:57] [Render thread/INFO] (Minecraft) Setting user: Player445
[18:11:57] [Render thread/ERROR] (Minecraft) No data fixer registered for geoexampleentity
[18:11:57] [Render thread/ERROR] (Minecraft) No data fixer registered for bikeentity
[18:11:57] [Render thread/ERROR] (Minecraft) No data fixer registered for rocketprojectile
[18:11:57] [Render thread/INFO] (garybox) Gary Initialized
[18:11:58] [Render thread/INFO] (Indigo) [Indigo] Registering Indigo renderer!
[18:11:58] [Render thread/INFO] (Minecraft) Backend library: LWJGL version 3.2.2 build 10
[18:12:03] [Render thread/INFO] (Minecraft) Narrator library for x64 successfully loaded
[18:12:03] [Render thread/INFO] (Minecraft) Reloading ResourceManager: Default, Fabric Mods (Fabric API Base, Fabric Mining Levels (v0), Fabric Renderer - Indigo, Fabric Rendering (v0), Fabric Textures (v0), Fabric Item Groups (v0), Fabric Rendering Data Attachment (v1), Fabric Screen Handler API (v1), Fabric BlockRenderLayer Registration (v1), Fabric Resource Loader (v0), Fabric Data Generation API (v1), Fabric Game Test API (v1), Fabric Screen API (v1), Fabric Content Registries (v0), Fabric API, Fabric Dimensions API (v1), Fabric Entity Events (v1), Fabric Rendering (v1), Fabric Object Builder API (v1), Fabric Transfer API (v1), Fabric Commands (v0), Fabric Key Bindings (v0), Fabric Networking (v0), Fabric Object Builders (v0), Fabric Particles (v1), Fabric Lifecycle Events (v1), Fabric Models (v0), Fabric Events Interaction (v0), Fabric Structure API (v1), Geckolib, Fabric Registry Sync (v0), Fabric Key Binding API (v1), Fabric Game Rule API (v1), Fabric Loader, Fabric Renderer API (v1), Fabric Tool Attribute API (v1), Fabric Tag Extensions (v0), Fabric Events Lifecycle (v0), Fabric Rendering Fluids (v1), GaryBox, Fabric Mining Level API (v1), Fabric Biome API (v1), Fabric Renderer Registries (v1), Fabric Loot Tables (v1), Fabric Item API (v1), Fabric Command API (v1), Fabric Containers (v0), Fabric API Lookup API (v1), Fabric Networking API (v1), Fabric Crash Report Info (v1), Fabric Resource Conditions API (v1))
[18:12:03] [Render thread/INFO] (garybox) This line is printed by a dumb fucking computer program!
[18:12:04] [Realms Notification Availability checker #1/INFO] (Minecraft) Could not authorize you against Realms server: Invalid session id
[18:12:08] [Worker-Main-10/WARN] (Minecraft) Unable to load model: 'geckolib3:botariumblock#inventory' referenced from: geckolib3:botariumblock#inventory: java.io.FileNotFoundException: geckolib3:models/item/botariumblock.json
[18:12:08] [Worker-Main-10/WARN] (Minecraft) Unable to load model: 'geckolib3:fertilizerblock#inventory' referenced from: geckolib3:fertilizerblock#inventory: java.io.FileNotFoundException: geckolib3:models/item/fertilizerblock.json
[18:12:10] [Render thread/INFO] (Minecraft) OpenAL initialized on device OpenAL Soft on Speakers (USB Audio Device)
[18:12:10] [Render thread/INFO] (Minecraft) Sound engine started
[18:12:10] [Render thread/INFO] (Minecraft) Created: 1024x1024x4 minecraft:textures/atlas/blocks.png-atlas
[18:12:11] [Render thread/INFO] (Minecraft) Created: 256x128x4 minecraft:textures/atlas/signs.png-atlas
[18:12:11] [Render thread/INFO] (Minecraft) Created: 1024x512x4 minecraft:textures/atlas/banner_patterns.png-atlas
[18:12:11] [Render thread/INFO] (Minecraft) Created: 1024x512x4 minecraft:textures/atlas/shield_patterns.png-atlas
[18:12:11] [Render thread/INFO] (Minecraft) Created: 256x256x4 minecraft:textures/atlas/chest.png-atlas
[18:12:11] [Render thread/INFO] (Minecraft) Created: 512x256x4 minecraft:textures/atlas/beds.png-atlas
[18:12:11] [Render thread/INFO] (Minecraft) Created: 512x256x4 minecraft:textures/atlas/shulker_boxes.png-atlas
[18:12:12] [Render thread/INFO] (Minecraft) Created: 256x256x0 minecraft:textures/atlas/particles.png-atlas
[18:12:12] [Render thread/INFO] (Minecraft) Created: 256x256x0 minecraft:textures/atlas/paintings.png-atlas
[18:12:12] [Render thread/INFO] (Minecraft) Created: 256x128x0 minecraft:textures/atlas/mob_effects.png-atlas
[18:12:12] [Render thread/INFO] (garybox) This line is printed by a dumb fucking computer program!
[18:12:32] [Render thread/INFO] (Minecraft) Attempt 1...
[18:12:36] [Render thread/WARN] (Minecraft) Ambiguity between arguments [teleport, location] and [teleport, destination] with inputs: [0.1 -0.5 .9, 0 0 0]
[18:12:36] [Render thread/WARN] (Minecraft) Ambiguity between arguments [teleport, location] and [teleport, targets] with inputs: [0.1 -0.5 .9, 0 0 0]
[18:12:36] [Render thread/WARN] (Minecraft) Ambiguity between arguments [teleport, destination] and [teleport, targets] with inputs: [Player, 0123, @e, dd12be42-52a9-4a91-a8a1-11c01849e498]
[18:12:36] [Render thread/WARN] (Minecraft) Ambiguity between arguments [teleport, targets] and [teleport, destination] with inputs: [Player, 0123, dd12be42-52a9-4a91-a8a1-11c01849e498]
[18:12:36] [Render thread/WARN] (Minecraft) Ambiguity between arguments [teleport, targets, location] and [teleport, targets, destination] with inputs: [0.1 -0.5 .9, 0 0 0]
[18:12:36] [Render thread/INFO] (Minecraft) Reloading ResourceManager: Default, Fabric Mods (Fabric Game Test API (v1), Fabric Tool Attribute API (v1), GaryBox)
[18:12:38] [Render thread/INFO] (Minecraft) Loaded 7 recipes
[18:12:39] [Render thread/INFO] (Minecraft) Loaded 1141 advancements
[18:12:39] [Render thread/INFO] (BiomeModificationImpl) Applied 24 biome modifications to 24 of 61 new biomes in 68.58 ms
[18:12:41] [Render thread/WARN] (Minecraft) Ambiguity between arguments [teleport, location] and [teleport, destination] with inputs: [0.1 -0.5 .9, 0 0 0]
[18:12:41] [Render thread/WARN] (Minecraft) Ambiguity between arguments [teleport, location] and [teleport, targets] with inputs: [0.1 -0.5 .9, 0 0 0]
[18:12:41] [Render thread/WARN] (Minecraft) Ambiguity between arguments [teleport, destination] and [teleport, targets] with inputs: [Player, 0123, @e, dd12be42-52a9-4a91-a8a1-11c01849e498]
[18:12:41] [Render thread/WARN] (Minecraft) Ambiguity between arguments [teleport, targets] and [teleport, destination] with inputs: [Player, 0123, dd12be42-52a9-4a91-a8a1-11c01849e498]
[18:12:41] [Render thread/WARN] (Minecraft) Ambiguity between arguments [teleport, targets, location] and [teleport, targets, destination] with inputs: [0.1 -0.5 .9, 0 0 0]
[18:12:41] [Render thread/INFO] (Minecraft) Reloading ResourceManager: Default, Fabric Mods (Fabric Game Test API (v1), Fabric Tool Attribute API (v1), GaryBox)
[18:12:43] [Render thread/INFO] (Minecraft) Loaded 7 recipes
[18:12:43] [Render thread/INFO] (Minecraft) Loaded 1141 advancements
[18:12:45] [Render thread/INFO] (Minecraft) Environment: authHost='https://authserver.mojang.com', accountsHost='https://api.mojang.com', sessionHost='https://sessionserver.mojang.com', servicesHost='https://api.minecraftservices.com', name='PROD'
[18:12:45] [Server thread/INFO] (Minecraft) Starting integrated minecraft server version 1.18.1
[18:12:45] [Server thread/INFO] (Minecraft) Generating keypair
[18:12:49] [Worker-Main-13/WARN] (Minecraft) Empty or non-existent pool: structure_tutorial:run_down_house/side_pool
[18:12:49] [Worker-Main-13/WARN] (Minecraft) Empty or non-existent pool: structure_tutorial:run_down_house/side_pool
[18:12:49] [Worker-Main-10/WARN] (Minecraft) Empty or non-existent pool: structure_tutorial:run_down_house/side_pool
[18:12:50] [Worker-Main-12/WARN] (Minecraft) Empty or non-existent pool: structure_tutorial:run_down_house/side_pool
[18:12:52] [Server thread/INFO] (Minecraft) Preparing start region for dimension minecraft:overworld
[18:12:53] [Worker-Main-15/WARN] (Minecraft) Empty or non-existent pool: structure_tutorial:run_down_house/side_pool
[18:12:53] [Render thread/INFO] (Minecraft) Preparing spawn area: 0%
[18:12:53] [Render thread/INFO] (Minecraft) Preparing spawn area: 0%
[18:12:53] [Render thread/INFO] (Minecraft) Preparing spawn area: 0%
[18:12:53] [Render thread/INFO] (Minecraft) Preparing spawn area: 0%
[18:12:54] [Render thread/INFO] (Minecraft) Preparing spawn area: 0%
[18:12:54] [Render thread/INFO] (Minecraft) Preparing spawn area: 0%
[18:12:55] [Render thread/INFO] (Minecraft) Preparing spawn area: 0%
[18:12:55] [Worker-Main-12/WARN] (Minecraft) Empty or non-existent pool: structure_tutorial:run_down_house/side_pool
[18:12:55] [Render thread/INFO] (Minecraft) Preparing spawn area: 0%
[18:12:56] [Render thread/INFO] (Minecraft) Preparing spawn area: 0%
[18:12:56] [Render thread/INFO] (Minecraft) Preparing spawn area: 0%
[18:12:57] [Render thread/INFO] (Minecraft) Preparing spawn area: 1%
[18:12:57] [Render thread/INFO] (Minecraft) Preparing spawn area: 2%
[18:12:58] [Worker-Main-15/WARN] (Minecraft) Empty or non-existent pool: structure_tutorial:run_down_house/side_pool
[18:12:58] [Render thread/INFO] (Minecraft) Preparing spawn area: 3%
[18:12:58] [Render thread/INFO] (Minecraft) Preparing spawn area: 4%
[18:12:59] [Render thread/INFO] (Minecraft) Preparing spawn area: 5%
[18:12:59] [Render thread/INFO] (Minecraft) Preparing spawn area: 6%
[18:13:00] [Render thread/INFO] (Minecraft) Preparing spawn area: 7%
[18:13:00] [Render thread/INFO] (Minecraft) Preparing spawn area: 9%
[18:13:01] [Render thread/INFO] (Minecraft) Preparing spawn area: 10%
[18:13:01] [Render thread/INFO] (Minecraft) Preparing spawn area: 11%
[18:13:02] [Render thread/INFO] (Minecraft) Preparing spawn area: 12%
[18:13:02] [Render thread/INFO] (Minecraft) Preparing spawn area: 13%
[18:13:03] [Render thread/INFO] (Minecraft) Preparing spawn area: 15%
[18:13:03] [Worker-Main-8/WARN] (Minecraft) Empty or non-existent pool: structure_tutorial:run_down_house/side_pool
[18:13:03] [Render thread/INFO] (Minecraft) Preparing spawn area: 16%
[18:13:04] [Render thread/INFO] (Minecraft) Preparing spawn area: 18%
[18:13:04] [Render thread/INFO] (Minecraft) Preparing spawn area: 18%
[18:13:05] [Render thread/INFO] (Minecraft) Preparing spawn area: 20%
[18:13:05] [Render thread/INFO] (Minecraft) Preparing spawn area: 21%
[18:13:06] [Render thread/INFO] (Minecraft) Preparing spawn area: 23%
[18:13:06] [Render thread/INFO] (Minecraft) Preparing spawn area: 25%
[18:13:07] [Render thread/INFO] (Minecraft) Preparing spawn area: 27%
[18:13:07] [Render thread/INFO] (Minecraft) Preparing spawn area: 29%
[18:13:08] [Render thread/INFO] (Minecraft) Preparing spawn area: 31%
[18:13:08] [Render thread/INFO] (Minecraft) Preparing spawn area: 33%
[18:13:09] [Render thread/INFO] (Minecraft) Preparing spawn area: 35%
[18:13:09] [Render thread/INFO] (Minecraft) Preparing spawn area: 36%
[18:13:10] [Render thread/INFO] (Minecraft) Preparing spawn area: 39%
[18:13:10] [Worker-Main-15/WARN] (Minecraft) Empty or non-existent pool: structure_tutorial:run_down_house/side_pool
[18:13:10] [Render thread/INFO] (Minecraft) Preparing spawn area: 41%
[18:13:11] [Render thread/INFO] (Minecraft) Preparing spawn area: 43%
[18:13:11] [Render thread/INFO] (Minecraft) Preparing spawn area: 45%
[18:13:12] [Render thread/INFO] (Minecraft) Preparing spawn area: 47%
[18:13:12] [Render thread/INFO] (Minecraft) Preparing spawn area: 50%
[18:13:13] [Render thread/INFO] (Minecraft) Preparing spawn area: 52%
[18:13:13] [Render thread/INFO] (Minecraft) Preparing spawn area: 54%
[18:13:14] [Render thread/INFO] (Minecraft) Preparing spawn area: 56%
[18:13:14] [Worker-Main-8/WARN] (Minecraft) Empty or non-existent pool: structure_tutorial:run_down_house/side_pool
[18:13:14] [Render thread/INFO] (Minecraft) Preparing spawn area: 57%
[18:13:15] [Render thread/INFO] (Minecraft) Preparing spawn area: 60%
[18:13:15] [Worker-Main-13/WARN] (Minecraft) Empty or non-existent pool: structure_tutorial:run_down_house/side_pool
[18:13:15] [Render thread/INFO] (Minecraft) Preparing spawn area: 62%
[18:13:16] [Worker-Main-8/WARN] (Minecraft) Empty or non-existent pool: structure_tutorial:run_down_house/side_pool
[18:13:16] [Render thread/INFO] (Minecraft) Preparing spawn area: 64%
[18:13:16] [Worker-Main-15/WARN] (Minecraft) Empty or non-existent pool: structure_tutorial:run_down_house/side_pool
[18:13:16] [Render thread/INFO] (Minecraft) Preparing spawn area: 66%
[18:13:17] [Render thread/INFO] (Minecraft) Preparing spawn area: 69%
[18:13:17] [Render thread/INFO] (Minecraft) Preparing spawn area: 71%
[18:13:18] [Render thread/INFO] (Minecraft) Preparing spawn area: 72%
[18:13:18] [Render thread/INFO] (Minecraft) Preparing spawn area: 75%
[18:13:19] [Render thread/INFO] (Minecraft) Preparing spawn area: 78%
[18:13:19] [Render thread/INFO] (Minecraft) Preparing spawn area: 79%
[18:13:20] [Render thread/INFO] (Minecraft) Preparing spawn area: 83%
[18:13:20] [Render thread/INFO] (Minecraft) Preparing spawn area: 85%
[18:13:21] [Render thread/INFO] (Minecraft) Preparing spawn area: 86%
[18:13:21] [Render thread/INFO] (Minecraft) Preparing spawn area: 88%
[18:13:22] [Worker-Main-15/WARN] (Minecraft) Empty or non-existent pool: structure_tutorial:run_down_house/side_pool
[18:13:22] [Render thread/INFO] (Minecraft) Preparing spawn area: 89%
[18:13:22] [Render thread/INFO] (Minecraft) Preparing spawn area: 91%
[18:13:23] [Render thread/INFO] (Minecraft) Preparing spawn area: 93%
[18:13:23] [Render thread/INFO] (Minecraft) Preparing spawn area: 95%
[18:13:24] [Render thread/INFO] (Minecraft) Preparing spawn area: 96%
[18:13:24] [Render thread/INFO] (Minecraft) Preparing spawn area: 98%
[18:13:24] [Render thread/INFO] (Minecraft) Time elapsed: 32563 ms
[18:13:24] [Server thread/INFO] (Minecraft) Changing view distance to 2, from 10
[18:13:24] [Server thread/INFO] (Minecraft) Changing simulation distance to 12, from 0
[18:13:25] [Server thread/INFO] (Minecraft) Player445[local:E:e6658c74] logged in with entity id 157 at (-5.5, 111.0, 4.5)
[18:13:25] [Server thread/INFO] (Minecraft) Player445 joined the game
[18:13:26] [Render thread/INFO] (Minecraft) Loaded 0 advancements
[18:14:39] [Render thread/INFO] (Minecraft) [CHAT] The nearest garybox:run_down_house is at [32, ~, -144] (127 blocks away)
[18:16:06] [Render thread/INFO] (Minecraft) [CHAT] The nearest garybox:run_down_house is at [32, ~, -144] (13 blocks away)
[18:16:18] [Server thread/INFO] (Minecraft) Saving and pausing game...
[18:16:18] [Server thread/INFO] (Minecraft) Saving chunks for level 'ServerLevel[StructureTest01]'/minecraft:overworld
[18:16:18] [Server thread/INFO] (Minecraft) Saving chunks for level 'ServerLevel[StructureTest01]'/minecraft:the_nether
[18:16:18] [Server thread/INFO] (Minecraft) Saving chunks for level 'ServerLevel[StructureTest01]'/minecraft:the_end
[18:17:44] [Worker-Main-8/WARN] (Minecraft) Empty or non-existent pool: structure_tutorial:run_down_house/side_pool
[18:17:50] [Server thread/INFO] (Minecraft) Saving and pausing game...
[18:17:50] [Server thread/INFO] (Minecraft) Saving chunks for level 'ServerLevel[StructureTest01]'/minecraft:overworld
[18:17:50] [Server thread/INFO] (Minecraft) Saving chunks for level 'ServerLevel[StructureTest01]'/minecraft:the_nether
[18:17:50] [Server thread/INFO] (Minecraft) Saving chunks for level 'ServerLevel[StructureTest01]'/minecraft:the_end
